#
# A fatal error has been detected by the Java Runtime Environment:
#
#  Internal Error (classFileParser.cpp:3494), pid=7257, tid=140522181256960
#  Error: ShouldNotReachHere()
#
# JRE version: 6.0_34-b04
# Java VM: Java HotSpot(TM) 64-Bit Server VM (20.9-b04 mixed mode linux-amd64 compressed oops)
# If you would like to submit a bug report, please visit:
#   http://java.sun.com/webapps/bugreport/crash.jsp
#

---------------  T H R E A D  ---------------

Current thread (0x00007fcdd8007800):  JavaThread "Unknown thread" [_thread_in_vm, id=7259, stack(0x00007fcddea26000,0x00007fcddeb27000)]

Stack: [0x00007fcddea26000,0x00007fcddeb27000],  sp=0x00007fcddeb25150,  free space=1020k
Native frames: (J=compiled Java code, j=interpreted, Vv=VM code, C=native code)
V  [libjvm.so+0x860395]  VMError::report_and_die()+0x265
V  [libjvm.so+0x3e5346]  report_should_not_reach_here(char const*, int)+0x46
V  [libjvm.so+0x36e6db]  ClassFileParser::parseClassFile(symbolHandle, Handle, Handle, KlassHandle, GrowableArray<Handle>*, symbolHandle&, bool, Thread*)+0x2b8b
V  [libjvm.so+0x374b6f]  ClassLoader::load_classfile(symbolHandle, Thread*)+0x22f
V  [libjvm.so+0x7ed1af]  SystemDictionary::load_instance_class(symbolHandle, Handle, Thread*)+0xef
V  [libjvm.so+0x7eb195]  SystemDictionary::resolve_instance_class_or_null(symbolHandle, Handle, Handle, Thread*)+0x575
V  [libjvm.so+0x7e9f21]  SystemDictionary::resolve_or_null(symbolHandle, Handle, Handle, Thread*)+0x81
V  [libjvm.so+0x7e9b34]  SystemDictionary::resolve_or_fail(symbolHandle, Handle, Handle, bool, Thread*)+0x34
V  [libjvm.so+0x7ee9b0]  SystemDictionary::initialize_wk_klass(SystemDictionary::WKID, int, Thread*)+0x70
V  [libjvm.so+0x7eea45]  SystemDictionary::initialize_wk_klasses_until(SystemDictionary::WKID, SystemDictionary::WKID&, Thread*)+0x45
V  [libjvm.so+0x7eeb25]  SystemDictionary::initialize_preloaded_classes(Thread*)+0x75
V  [libjvm.so+0x7ee8d8]  SystemDictionary::initialize(Thread*)+0xd8
V  [libjvm.so+0x8362a8]  Universe::genesis(Thread*)+0x598
V  [libjvm.so+0x8381b9]  universe2_init()+0x29
V  [libjvm.so+0x4ad55c]  init_globals()+0x8c
V  [libjvm.so+0x81e5c4]  Threads::create_vm(JavaVMInitArgs*, bool*)+0x214
V  [libjvm.so+0x51b790]  JNI_CreateJavaVM+0x80


---------------  P R O C E S S  ---------------

Java Threads: ( => current thread )

Other Threads:

=>0x00007fcdd8007800 (exited) JavaThread "Unknown thread" [_thread_in_vm, id=7259, stack(0x00007fcddea26000,0x00007fcddeb27000)]

VM state:not at safepoint (not fully initialized)

VM Mutex/Monitor currently owned by a thread: None

Dynamic libraries:
40000000-40009000 r-xp 00000000 08:08 1280333                            /sdk/jdk1.6.0_34/bin/java
40108000-4010a000 rwxp 00008000 08:08 1280333                            /sdk/jdk1.6.0_34/bin/java
41606000-41627000 rwxp 00000000 00:00 0                                  [heap]
bd000000-be4c0000 rwxp 00000000 00:00 0 
be4c0000-c2200000 rwxp 00000000 00:00 0 
c2200000-c4b40000 rwxp 00000000 00:00 0 
c4b40000-eb600000 rwxp 00000000 00:00 0 
eb600000-eca90000 rwxp 00000000 00:00 0 
eca90000-100000000 rwxp 00000000 00:00 0 
7fcdc8000000-7fcdc8021000 rwxp 00000000 00:00 0 
7fcdc8021000-7fcdcc000000 ---p 00000000 00:00 0 
7fcdd0000000-7fcdd0021000 rwxp 00000000 00:00 0 
7fcdd0021000-7fcdd4000000 ---p 00000000 00:00 0 
7fcdd5000000-7fcdd5270000 rwxp 00000000 00:00 0 
7fcdd5270000-7fcdd807b000 rwxp 00000000 00:00 0 
7fcdd807b000-7fcddc000000 ---p 00000000 00:00 0 
7fcddd61c000-7fcddd6da000 r-xs 00fac000 08:08 1242006                    /sdk/android/android-sdk-linux/platforms/android-15/android.jar
7fcddd6da000-7fcddd702000 rwxp 00000000 00:00 0 
7fcddd702000-7fcddd703000 ---p 00000000 00:00 0 
7fcddd703000-7fcddd803000 rwxp 00000000 00:00 0 
7fcddd803000-7fcddd804000 ---p 00000000 00:00 0 
7fcddd804000-7fcddd90f000 rwxp 00000000 00:00 0 
7fcddd90f000-7fcddd92d000 rwxp 00000000 00:00 0 
7fcddd92d000-7fcddd942000 rwxp 00000000 00:00 0 
7fcddd942000-7fcddda77000 rwxp 00000000 00:00 0 
7fcddda77000-7fcddda82000 rwxp 00000000 00:00 0 
7fcddda82000-7fcdddaa0000 rwxp 00000000 00:00 0 
7fcdddaa0000-7fcdddab5000 rwxp 00000000 00:00 0 
7fcdddab5000-7fcdddbea000 rwxp 00000000 00:00 0 
7fcdddbea000-7fcdddbf5000 rwxp 00000000 00:00 0 
7fcdddbf5000-7fcdddc8f000 rwxp 00000000 00:00 0 
7fcdddc8f000-7fcdddc90000 rwxp 00000000 00:00 0 
7fcdddc90000-7fcdddc9e000 r-xp 00000000 08:08 1280536                    /sdk/jdk1.6.0_34/jre/lib/amd64/libzip.so
7fcdddc9e000-7fcdddda0000 ---p 0000e000 08:08 1280536                    /sdk/jdk1.6.0_34/jre/lib/amd64/libzip.so
7fcdddda0000-7fcdddda3000 rwxp 00010000 08:08 1280536                    /sdk/jdk1.6.0_34/jre/lib/amd64/libzip.so
7fcdddda3000-7fcdddda4000 rwxp 00000000 00:00 0 
7fcdddda4000-7fcddddb0000 r-xp 00000000 08:08 1746487                    /lib/x86_64-linux-gnu/libnss_files-2.15.so
7fcddddb0000-7fcdddfaf000 ---p 0000c000 08:08 1746487                    /lib/x86_64-linux-gnu/libnss_files-2.15.so
7fcdddfaf000-7fcdddfb0000 r-xp 0000b000 08:08 1746487                    /lib/x86_64-linux-gnu/libnss_files-2.15.so
7fcdddfb0000-7fcdddfb1000 rwxp 0000c000 08:08 1746487                    /lib/x86_64-linux-gnu/libnss_files-2.15.so
7fcdddfb1000-7fcdddfbb000 r-xp 00000000 08:08 1746491                    /lib/x86_64-linux-gnu/libnss_nis-2.15.so
7fcdddfbb000-7fcdde1bb000 ---p 0000a000 08:08 1746491                    /lib/x86_64-linux-gnu/libnss_nis-2.15.so
7fcdde1bb000-7fcdde1bc000 r-xp 0000a000 08:08 1746491                    /lib/x86_64-linux-gnu/libnss_nis-2.15.so
7fcdde1bc000-7fcdde1bd000 rwxp 0000b000 08:08 1746491                    /lib/x86_64-linux-gnu/libnss_nis-2.15.so
7fcdde1bd000-7fcdde1c5000 r-xp 00000000 08:08 1746485                    /lib/x86_64-linux-gnu/libnss_compat-2.15.so
7fcdde1c5000-7fcdde3c4000 ---p 00008000 08:08 1746485                    /lib/x86_64-linux-gnu/libnss_compat-2.15.so
7fcdde3c4000-7fcdde3c5000 r-xp 00007000 08:08 1746485                    /lib/x86_64-linux-gnu/libnss_compat-2.15.so
7fcdde3c5000-7fcdde3c6000 rwxp 00008000 08:08 1746485                    /lib/x86_64-linux-gnu/libnss_compat-2.15.so
7fcdde3c6000-7fcdde3dd000 r-xp 00000000 08:08 1746503                    /lib/x86_64-linux-gnu/libnsl-2.15.so
7fcdde3dd000-7fcdde5dc000 ---p 00017000 08:08 1746503                    /lib/x86_64-linux-gnu/libnsl-2.15.so
7fcdde5dc000-7fcdde5dd000 r-xp 00016000 08:08 1746503                    /lib/x86_64-linux-gnu/libnsl-2.15.so
7fcdde5dd000-7fcdde5de000 rwxp 00017000 08:08 1746503                    /lib/x86_64-linux-gnu/libnsl-2.15.so
7fcdde5de000-7fcdde5e0000 rwxp 00000000 00:00 0 
7fcdde5e0000-7fcdde609000 r-xp 00000000 08:08 1280559                    /sdk/jdk1.6.0_34/jre/lib/amd64/libjava.so
7fcdde609000-7fcdde708000 ---p 00029000 08:08 1280559                    /sdk/jdk1.6.0_34/jre/lib/amd64/libjava.so
7fcdde708000-7fcdde70f000 rwxp 00028000 08:08 1280559                    /sdk/jdk1.6.0_34/jre/lib/amd64/libjava.so
7fcdde70f000-7fcdde71c000 r-xp 00000000 08:08 1280561                    /sdk/jdk1.6.0_34/jre/lib/amd64/libverify.so
7fcdde71c000-7fcdde81b000 ---p 0000d000 08:08 1280561                    /sdk/jdk1.6.0_34/jre/lib/amd64/libverify.so
7fcdde81b000-7fcdde81e000 rwxp 0000c000 08:08 1280561                    /sdk/jdk1.6.0_34/jre/lib/amd64/libverify.so
7fcdde81e000-7fcdde825000 r-xp 00000000 08:08 1746490                    /lib/x86_64-linux-gnu/librt-2.15.so
7fcdde825000-7fcddea24000 ---p 00007000 08:08 1746490                    /lib/x86_64-linux-gnu/librt-2.15.so
7fcddea24000-7fcddea25000 r-xp 00006000 08:08 1746490                    /lib/x86_64-linux-gnu/librt-2.15.so
7fcddea25000-7fcddea26000 rwxp 00007000 08:08 1746490                    /lib/x86_64-linux-gnu/librt-2.15.so
7fcddea26000-7fcddea29000 ---p 00000000 00:00 0 
7fcddea29000-7fcddeb27000 rwxp 00000000 00:00 0 
7fcddeb27000-7fcddec22000 r-xp 00000000 08:08 1746494                    /lib/x86_64-linux-gnu/libm-2.15.so
7fcddec22000-7fcddee21000 ---p 000fb000 08:08 1746494                    /lib/x86_64-linux-gnu/libm-2.15.so
7fcddee21000-7fcddee22000 r-xp 000fa000 08:08 1746494                    /lib/x86_64-linux-gnu/libm-2.15.so
7fcddee22000-7fcddee23000 rwxp 000fb000 08:08 1746494                    /lib/x86_64-linux-gnu/libm-2.15.so
7fcddee23000-7fcddf73f000 r-xp 00000000 08:08 1280545                    /sdk/jdk1.6.0_34/jre/lib/amd64/server/libjvm.so
7fcddf73f000-7fcddf83f000 ---p 0091c000 08:08 1280545                    /sdk/jdk1.6.0_34/jre/lib/amd64/server/libjvm.so
7fcddf83f000-7fcddf9f5000 rwxp 0091c000 08:08 1280545                    /sdk/jdk1.6.0_34/jre/lib/amd64/server/libjvm.so
7fcddf9f5000-7fcddfa2e000 rwxp 00000000 00:00 0 
7fcddfa2e000-7fcddfbe3000 r-xp 00000000 08:08 1746483                    /lib/x86_64-linux-gnu/libc-2.15.so
7fcddfbe3000-7fcddfde3000 ---p 001b5000 08:08 1746483                    /lib/x86_64-linux-gnu/libc-2.15.so
7fcddfde3000-7fcddfde7000 r-xp 001b5000 08:08 1746483                    /lib/x86_64-linux-gnu/libc-2.15.so
7fcddfde7000-7fcddfde9000 rwxp 001b9000 08:08 1746483                    /lib/x86_64-linux-gnu/libc-2.15.so
7fcddfde9000-7fcddfdee000 rwxp 00000000 00:00 0 
7fcddfdee000-7fcddfdf0000 r-xp 00000000 08:08 1746498                    /lib/x86_64-linux-gnu/libdl-2.15.so
7fcddfdf0000-7fcddfff0000 ---p 00002000 08:08 1746498                    /lib/x86_64-linux-gnu/libdl-2.15.so
7fcddfff0000-7fcddfff1000 r-xp 00002000 08:08 1746498                    /lib/x86_64-linux-gnu/libdl-2.15.so
7fcddfff1000-7fcddfff2000 rwxp 00003000 08:08 1746498                    /lib/x86_64-linux-gnu/libdl-2.15.so
7fcddfff2000-7fcde000a000 r-xp 00000000 08:08 1746492                    /lib/x86_64-linux-gnu/libpthread-2.15.so
7fcde000a000-7fcde0209000 ---p 00018000 08:08 1746492                    /lib/x86_64-linux-gnu/libpthread-2.15.so
7fcde0209000-7fcde020a000 r-xp 00017000 08:08 1746492                    /lib/x86_64-linux-gnu/libpthread-2.15.so
7fcde020a000-7fcde020b000 rwxp 00018000 08:08 1746492                    /lib/x86_64-linux-gnu/libpthread-2.15.so
7fcde020b000-7fcde020f000 rwxp 00000000 00:00 0 
7fcde020f000-7fcde0231000 r-xp 00000000 08:08 1746495                    /lib/x86_64-linux-gnu/ld-2.15.so
7fcde0244000-7fcde024e000 rwxp 00000000 00:00 0 
7fcde024e000-7fcde0304000 rwxp 00000000 00:00 0 
7fcde0304000-7fcde0307000 rwxp 00000000 00:00 0 
7fcde0307000-7fcde030e000 r-xp 00000000 08:08 1280535                    /sdk/jdk1.6.0_34/jre/lib/amd64/jli/libjli.so
7fcde030e000-7fcde040f000 ---p 00007000 08:08 1280535                    /sdk/jdk1.6.0_34/jre/lib/amd64/jli/libjli.so
7fcde040f000-7fcde0411000 rwxp 00008000 08:08 1280535                    /sdk/jdk1.6.0_34/jre/lib/amd64/jli/libjli.so
7fcde0411000-7fcde0412000 rwxp 00000000 00:00 0 
7fcde0425000-7fcde042d000 rwxs 00000000 08:08 1594826                    /tmp/hsperfdata_root/7257
7fcde042d000-7fcde042e000 rwxp 00000000 00:00 0 
7fcde042e000-7fcde042f000 r-xp 00000000 00:00 0 
7fcde042f000-7fcde0431000 rwxp 00000000 00:00 0 
7fcde0431000-7fcde0432000 r-xp 00022000 08:08 1746495                    /lib/x86_64-linux-gnu/ld-2.15.so
7fcde0432000-7fcde0434000 rwxp 00023000 08:08 1746495                    /lib/x86_64-linux-gnu/ld-2.15.so
7fff6a3b5000-7fff6a3d6000 rwxp 00000000 00:00 0                          [stack]
7fff6a3e8000-7fff6a3e9000 r-xp 00000000 00:00 0                          [vdso]
ffffffffff600000-ffffffffff601000 r-xp 00000000 00:00 0                  [vsyscall]

VM Arguments:
jvm_args: -Dfile.encoding=UTF-8 -Xbootclasspath:/sdk/android/android-sdk-linux/platforms/android-15/android.jar 
java_command: org.lxh.demo.TCPClient
Launcher Type: SUN_STANDARD

Environment Variables:
JAVA_HOME=/sdk/jdk1.6.0_34
CLASSPATH=.:/sdk/jdk1.6.0_34/lib/dt.jar:/sdk/jdk1.6.0_34/lib/tools.jar
PATH=.:/root/compilers/CodeSourcery/Sourcery_CodeBench_Lite_for_ARM_GNU_Linux/bin:/sdk/android/android-sdk-linux/platform-tools:/root/drivers:/sdk/android/android-sdk-linux/tools:/sdk/android/android-ndk-r7b:~/bin:/usr/lib/lightdm/lightdm:/usr/local/sbin:/usr/local/bin:/usr/sbin:/usr/bin:/sbin:/bin:/usr/games:/sdk/jdk1.6.0_34/bin
LD_LIBRARY_PATH=/sdk/jdk1.6.0_34/jre/lib/amd64/server:/sdk/jdk1.6.0_34/jre/lib/amd64:/sdk/jdk1.6.0_34/jre/../lib/amd64:/usr/lib/jvm/java-6-openjdk-amd64/jre/lib/amd64/server:/usr/lib/jvm/java-6-openjdk-amd64/jre/lib/amd64:/usr/lib/jvm/java-6-openjdk-amd64/jre/../lib/amd64
SHELL=/bin/bash
DISPLAY=:0.0

Signal Handlers:
SIGSEGV: [libjvm.so+0x860fc0], sa_mask[0]=0x7ffbfeff, sa_flags=0x10000004
SIGBUS: [libjvm.so+0x860fc0], sa_mask[0]=0x7ffbfeff, sa_flags=0x10000004
SIGFPE: [libjvm.so+0x70f520], sa_mask[0]=0x7ffbfeff, sa_flags=0x10000004
SIGPIPE: [libjvm.so+0x70f520], sa_mask[0]=0x7ffbfeff, sa_flags=0x10000004
SIGXFSZ: [libjvm.so+0x70f520], sa_mask[0]=0x7ffbfeff, sa_flags=0x10000004
SIGILL: [libjvm.so+0x70f520], sa_mask[0]=0x7ffbfeff, sa_flags=0x10000004
SIGUSR1: SIG_DFL, sa_mask[0]=0x00000000, sa_flags=0x00000000
SIGUSR2: [libjvm.so+0x712350], sa_mask[0]=0x00000004, sa_flags=0x10000004
SIGHUP: SIG_DFL, sa_mask[0]=0x00000000, sa_flags=0x00000000
SIGINT: SIG_DFL, sa_mask[0]=0x00000000, sa_flags=0x00000000
SIGTERM: SIG_DFL, sa_mask[0]=0x00000000, sa_flags=0x00000000
SIGQUIT: SIG_DFL, sa_mask[0]=0x00000000, sa_flags=0x00000000


---------------  S Y S T E M  ---------------

OS:wheezy/sid

uname:Linux 3.2.0-60-generic #91-Ubuntu SMP Wed Feb 19 03:54:44 UTC 2014 x86_64
libc:glibc 2.15 NPTL 2.15 
rlimit: STACK 8192k, CORE 0k, NPROC 30984, NOFILE 4096, AS infinity
load average:1.18 1.24 1.19

/proc/meminfo:
MemTotal:        4049552 kB
MemFree:          215024 kB
Buffers:          756000 kB
Cached:          1110220 kB
SwapCached:            0 kB
Active:          2260480 kB
Inactive:        1153012 kB
Active(anon):    1548012 kB
Inactive(anon):     1860 kB
Active(file):     712468 kB
Inactive(file):  1151152 kB
Unevictable:           0 kB
Mlocked:               0 kB
SwapTotal:       1520632 kB
SwapFree:        1520632 kB
Dirty:               140 kB
Writeback:             0 kB
AnonPages:       1547388 kB
Mapped:           176540 kB
Shmem:              2612 kB
Slab:             301308 kB
SReclaimable:     277396 kB
SUnreclaim:        23912 kB
KernelStack:        3120 kB
PageTables:        23612 kB
NFS_Unstable:          0 kB
Bounce:                0 kB
WritebackTmp:          0 kB
CommitLimit:     3545408 kB
Committed_AS:    3288020 kB
VmallocTotal:   34359738367 kB
VmallocUsed:      326496 kB
VmallocChunk:   34359406588 kB
HardwareCorrupted:     0 kB
AnonHugePages:         0 kB
HugePages_Total:       0
HugePages_Free:        0
HugePages_Rsvd:        0
HugePages_Surp:        0
Hugepagesize:       2048 kB
DirectMap4k:      122560 kB
DirectMap2M:     4071424 kB
DirectMap1G:           0 kB


CPU:total 2 (2 cores per cpu, 1 threads per core) family 16 model 6 stepping 3, cmov, cx8, fxsr, mmx, sse, sse2, sse3, popcnt, mmxext, 3dnowpref, lzcnt, sse4a

/proc/cpuinfo:
processor	: 0
vendor_id	: AuthenticAMD
cpu family	: 16
model		: 6
model name	: AMD Sempron(tm) X2 190 Processor
stepping	: 3
microcode	: 0x10000b6
cpu MHz		: 2500.000
cache size	: 512 KB
physical id	: 0
siblings	: 2
core id		: 0
cpu cores	: 2
apicid		: 0
initial apicid	: 0
fpu		: yes
fpu_exception	: yes
cpuid level	: 5
wp		: yes
flags		: fpu vme de pse tsc msr pae mce cx8 apic sep mtrr pge mca cmov pat pse36 clflush mmx fxsr sse sse2 ht syscall nx mmxext fxsr_opt pdpe1gb rdtscp lm 3dnowext 3dnow constant_tsc rep_good nopl nonstop_tsc extd_apicid pni monitor cx16 popcnt lahf_lm cmp_legacy svm extapic cr8_legacy abm sse4a misalignsse 3dnowprefetch osvw ibs skinit wdt npt lbrv svm_lock nrip_save
bogomips	: 5000.39
TLB size	: 1024 4K pages
clflush size	: 64
cache_alignment	: 64
address sizes	: 48 bits physical, 48 bits virtual
power management: ts ttp tm stc 100mhzsteps hwpstate

processor	: 1
vendor_id	: AuthenticAMD
cpu family	: 16
model		: 6
model name	: AMD Sempron(tm) X2 190 Processor
stepping	: 3
microcode	: 0x10000b6
cpu MHz		: 2500.000
cache size	: 512 KB
physical id	: 0
siblings	: 2
core id		: 1
cpu cores	: 2
apicid		: 1
initial apicid	: 1
fpu		: yes
fpu_exception	: yes
cpuid level	: 5
wp		: yes
flags		: fpu vme de pse tsc msr pae mce cx8 apic sep mtrr pge mca cmov pat pse36 clflush mmx fxsr sse sse2 ht syscall nx mmxext fxsr_opt pdpe1gb rdtscp lm 3dnowext 3dnow constant_tsc rep_good nopl nonstop_tsc extd_apicid pni monitor cx16 popcnt lahf_lm cmp_legacy svm extapic cr8_legacy abm sse4a misalignsse 3dnowprefetch osvw ibs skinit wdt npt lbrv svm_lock nrip_save
bogomips	: 5000.03
TLB size	: 1024 4K pages
clflush size	: 64
cache_alignment	: 64
address sizes	: 48 bits physical, 48 bits virtual
power management: ts ttp tm stc 100mhzsteps hwpstate



Memory: 4k page, physical 4049552k(215024k free), swap 1520632k(1520632k free)

vm_info: Java HotSpot(TM) 64-Bit Server VM (20.9-b04) for linux-amd64 JRE (1.6.0_34-b04), built on Jul 19 2012 01:19:17 by "java_re" with gcc 3.2.2 (SuSE Linux)

time: Wed Apr  9 17:48:22 2014
elapsed time: 0 seconds

